<?xml version="1.0" encoding="UTF-8"?>
<testsuite xmlns:xsi="http://www.w3.org/2001/XMLSchema-instance" xsi:noNamespaceSchemaLocation="https://maven.apache.org/surefire/maven-surefire-plugin/xsd/surefire-test-report.xsd" name="GetUserOrdersTests" time="8.855" tests="2" errors="0" skipped="0" failures="0">
  <properties>
[...]
</properties>
  <testcase name="attemptToGetOrderListOfUnauthorizedUserShouldReturnError" classname="GetUserOrdersTests" time="6.11"/>
  <testcase name="attemptToGetOrderListOfAuthorizedUserShouldSucceed" classname="GetUserOrdersTests" time="2.364"/>
</testsuite>